<!--
	Copyright 2015 Denis Prasetio
	
	Licensed under the Apache License, Version 2.0 (the "License");
	you may not use this file except in compliance with the License.
	You may obtain a copy of the License at
	
	http://www.apache.org/licenses/LICENSE-2.0
	
	Unless required by applicable law or agreed to in writing, software
	distributed under the License is distributed on an "AS IS" BASIS,
	WITHOUT WARRANTIES OR CONDITIONS OF ANY KIND, either express or implied.
	See the License for the specific language governing permissions and
	limitations under the License.
 -->

<catalog name="foo" showLog="true">

	<!-- Define command and chain aliases -->
	<define name="print" className="com.dotosoft.dot4command.commands.PrintCommand" />
	<define name="loop" className="com.dotosoft.dot4command.commands.LoopCommand" />
	<define name="if" className="com.dotosoft.dot4command.commands.IfCommand" />
	<define name="else" className="com.dotosoft.dot4command.commands.ElseCommand" />
	<define name="setProperty" className="com.dotosoft.dot4command.commands.SetPropertyCommand"/>
	<define name="callTemplate" className="com.dotosoft.dot4command.commands.CallTemplateCommand"/>
	
	<loop name="printTemplate" doWhile="true" loopTime="10">
		<setProperty type="boolean" value="true" toKey="isLogging"/> 
		<if evaluate="isLogging == false">
			<print message="${messageKey1}" showLog="true"/>
			<print message="${messageKey2}" showLog="true"/>
		</if>
		<else>
			<print message="${messageKey1}" showLog="false"/>
			<print message="${messageKey2}" showLog="false"/>
		</else>
	</loop>
	
	<callTemplate name="testPrint" commandName="printTemplate" catalogName="foo" keyMap="messageKey1:test1,messageKey2:test2"/>

</catalog>
