<!--
	Copyright 2015 Denis Prasetio
	
	Licensed under the Apache License, Version 2.0 (the "License");
	you may not use this file except in compliance with the License.
	You may obtain a copy of the License at
	
	http://www.apache.org/licenses/LICENSE-2.0
	
	Unless required by applicable law or agreed to in writing, software
	distributed under the License is distributed on an "AS IS" BASIS,
	WITHOUT WARRANTIES OR CONDITIONS OF ANY KIND, either express or implied.
	See the License for the specific language governing permissions and
	limitations under the License.
 -->
 
<catalog name="foo">

	<!-- Single command "chains" from CatalogBaseTestCase -->
	<command name="AddingCommand"
		className="com.dotosoft.dot4command.testutils.AddingCommand" />
	<command name="DelegatingCommand"
		className="com.dotosoft.dot4command.testutils.DelegatingCommand" />
	<command name="DelegatingFilter"
		className="com.dotosoft.dot4command.testutils.DelegatingFilter" />
	<command name="ExceptionCommand"
		className="com.dotosoft.dot4command.testutils.ExceptionCommand" />
	<command name="ExceptionFilter"
		className="com.dotosoft.dot4command.testutils.ExceptionFilter" />
	<command name="NonDelegatingCommand"
		className="com.dotosoft.dot4command.testutils.NonDelegatingCommand" />
	<command name="NonDelegatingFilter"
		className="com.dotosoft.dot4command.testutils.NonDelegatingFilter" />
	<chain name="ChainBase" className="com.dotosoft.dot4command.config.xml.TestChain" />

	<!-- Configurable command with settable properties -->
	<command name="Configurable"
		className="com.dotosoft.dot4command.config.xml.TestCommand" foo="Foo Value"
		bar="Bar Value" />

	<!-- Chains with nested commands -->
	<chain name="Execute2a">
		<command id="1"
			className="com.dotosoft.dot4command.testutils.DelegatingCommand" />
		<command id="2"
			className="com.dotosoft.dot4command.testutils.DelegatingCommand" />
		<command id="3"
			className="com.dotosoft.dot4command.testutils.NonDelegatingCommand" />
	</chain>
	<chain name="Execute2b">
		<command id="1"
			className="com.dotosoft.dot4command.testutils.DelegatingCommand" />
		<command id="2"
			className="com.dotosoft.dot4command.testutils.DelegatingCommand" />
		<command id="3"
			className="com.dotosoft.dot4command.testutils.DelegatingCommand" />
	</chain>
	<chain name="Execute2c">
		<command id="1"
			className="com.dotosoft.dot4command.testutils.DelegatingCommand" />
		<command id="2"
			className="com.dotosoft.dot4command.testutils.DelegatingCommand" />
		<command id="3"
			className="com.dotosoft.dot4command.testutils.ExceptionCommand" />
	</chain>
	<chain name="Execute2d">
		<command id="1"
			className="com.dotosoft.dot4command.testutils.DelegatingCommand" />
		<command id="2"
			className="com.dotosoft.dot4command.testutils.ExceptionCommand" />
		<command id="3"
			className="com.dotosoft.dot4command.testutils.NonDelegatingCommand" />
	</chain>
	<chain name="Execute4a">
		<command id="1" id2="a"
			className="com.dotosoft.dot4command.testutils.DelegatingFilter" />
		<command id="2"
			className="com.dotosoft.dot4command.testutils.DelegatingCommand" />
		<command id="3" id2="c"
			className="com.dotosoft.dot4command.testutils.NonDelegatingFilter" />
	</chain>
	<chain name="Execute4b">
		<command id="1"
			className="com.dotosoft.dot4command.testutils.DelegatingCommand" />
		<command id="2" id2="b"
			className="com.dotosoft.dot4command.testutils.DelegatingFilter" />
		<command id="3"
			className="com.dotosoft.dot4command.testutils.DelegatingCommand" />
	</chain>
	<chain name="Execute4c">
		<command id="1" id2="a"
			className="com.dotosoft.dot4command.testutils.DelegatingFilter" />
		<command id="2" id2="b"
			className="com.dotosoft.dot4command.testutils.DelegatingFilter" />
		<command id="3" id2="c"
			className="com.dotosoft.dot4command.testutils.ExceptionFilter" />
	</chain>
	<chain name="Execute4d">
		<command id="1" id2="a"
			className="com.dotosoft.dot4command.testutils.DelegatingFilter" />
		<command id="2" id2="b"
			className="com.dotosoft.dot4command.testutils.ExceptionFilter" />
		<command id="3" id2="c"
			className="com.dotosoft.dot4command.testutils.NonDelegatingFilter" />
	</chain>

</catalog>
