<catalog name="foo">

	<!-- Define command and chain aliases -->
	<define name="print" className="com.dotosoft.dot4command.commands.PrintCommand" />
	<define name="loop" className="com.dotosoft.dot4command.commands.LoopCommand" />

	<!-- Single command "chains" from CatalogBaseTestCase -->
	<loop name="testPrint" doWhile="true" loopTime="10">
		<print message="test"/>
	</loop>

</catalog>
